# JRE version: OpenJDK Runtime Environment Microsoft-8035246 (17.0.8+7) (build 17.0.8+7-LTS)
# Java VM: OpenJDK 64-Bit Server VM Microsoft-8035246 (17.0.8+7-LTS, mixed mode, sharing, tiered, compressed oops, compressed class ptrs, g1 gc, windows-amd64)
GC Precious Log:
 CPUs: 4 total, 4 available
 Memory: 8067M
 Large Page Support: Disabled
 NUMA Support: Disabled
 Compressed Oops: Enabled (32-bit)
 Heap Region Size: 1M
 Heap Min Capacity: 8M
 Heap Initial Capacity: 128M
 Heap Max Capacity: 2G
 Pre-touch: Disabled
 Parallel Workers: 4
 Concurrent Workers: 1
 Concurrent Refinement Workers: 4
 Periodic GC: Disabled
Heap:
 garbage-first heap   total 468992K, used 255487K [0x0000000080000000, 0x0000000100000000)
  region size 1024K, 65 young (66560K), 15 survivors (15360K)
 Metaspace       used 104226K, committed 105408K, reserved 557056K
  class space    used 14565K, committed 15104K, reserved 425984K
GC Heap History (20 events):
Event: 78.522 GC heap before
{Heap before GC invocations=42 (full 0):
 garbage-first heap   total 184320K, used 145616K [0x0000000080000000, 0x0000000100000000)
  region size 1024K, 55 young (56320K), 1 survivors (1024K)
 Metaspace       used 79634K, committed 80384K, reserved 557056K
  class space    used 11094K, committed 11456K, reserved 425984K
}
Event: 78.535 GC heap after
{Heap after GC invocations=43 (full 0):
 garbage-first heap   total 184320K, used 92884K [0x0000000080000000, 0x0000000100000000)
  region size 1024K, 4 young (4096K), 4 survivors (4096K)
 Metaspace       used 79634K, committed 80384K, reserved 557056K
  class space    used 11094K, committed 11456K, reserved 425984K
}
Event: 80.091 GC heap before
{Heap before GC invocations=44 (full 0):
 garbage-first heap   total 184320K, used 148180K [0x0000000080000000, 0x0000000100000000)
  region size 1024K, 58 young (59392K), 4 survivors (4096K)
 Metaspace       used 83421K, committed 84224K, reserved 557056K
  class space    used 11778K, committed 12160K, reserved 425984K
}
Event: 80.104 GC heap after
{Heap after GC invocations=45 (full 0):
 garbage-first heap   total 184320K, used 94595K [0x0000000080000000, 0x0000000100000000)
  region size 1024K, 5 young (5120K), 5 survivors (5120K)
 Metaspace       used 83421K, committed 84224K, reserved 557056K
  class space    used 11778K, committed 12160K, reserved 425984K
}
Event: 80.191 GC heap before
{Heap before GC invocations=45 (full 0):
 garbage-first heap   total 184320K, used 98691K [0x0000000080000000, 0x0000000100000000)
  region size 1024K, 9 young (9216K), 5 survivors (5120K)
 Metaspace       used 83691K, committed 84480K, reserved 557056K
  class space    used 11810K, committed 12160K, reserved 425984K
}
Event: 80.205 GC heap after
{Heap after GC invocations=46 (full 0):
 garbage-first heap   total 184320K, used 94497K [0x0000000080000000, 0x0000000100000000)
  region size 1024K, 1 young (1024K), 1 survivors (1024K)
 Metaspace       used 83691K, committed 84480K, reserved 557056K
  class space    used 11810K, committed 12160K, reserved 425984K
}
Event: 81.400 GC heap before
{Heap before GC invocations=46 (full 0):
 garbage-first heap   total 184320K, used 150817K [0x0000000080000000, 0x0000000100000000)
  region size 1024K, 56 young (57344K), 1 survivors (1024K)
 Metaspace       used 86329K, committed 87104K, reserved 557056K
  class space    used 12171K, committed 12544K, reserved 425984K
}
Event: 81.411 GC heap after
{Heap after GC invocations=47 (full 0):
 garbage-first heap   total 184320K, used 98157K [0x0000000080000000, 0x0000000100000000)
  region size 1024K, 5 young (5120K), 5 survivors (5120K)
 Metaspace       used 86329K, committed 87104K, reserved 557056K
  class space    used 12171K, committed 12544K, reserved 425984K
}
Event: 83.472 GC heap before
{Heap before GC invocations=48 (full 0):
 garbage-first heap   total 184320K, used 150381K [0x0000000080000000, 0x0000000100000000)
  region size 1024K, 57 young (58368K), 5 survivors (5120K)
 Metaspace       used 87983K, committed 88832K, reserved 557056K
  class space    used 12425K, committed 12800K, reserved 425984K
}
Event: 83.498 GC heap after
{Heap after GC invocations=49 (full 0):
 garbage-first heap   total 184320K, used 105049K [0x0000000080000000, 0x0000000100000000)
  region size 1024K, 7 young (7168K), 7 survivors (7168K)
 Metaspace       used 87983K, committed 88832K, reserved 557056K
  class space    used 12425K, committed 12800K, reserved 425984K
}
Event: 83.511 GC heap before
{Heap before GC invocations=49 (full 0):
 garbage-first heap   total 184320K, used 106073K [0x0000000080000000, 0x0000000100000000)
  region size 1024K, 9 young (9216K), 7 survivors (7168K)
 Metaspace       used 87984K, committed 88832K, reserved 557056K
  class space    used 12425K, committed 12800K, reserved 425984K
}
Event: 83.528 GC heap after
{Heap after GC invocations=50 (full 0):
 garbage-first heap   total 184320K, used 105335K [0x0000000080000000, 0x0000000100000000)
  region size 1024K, 1 young (1024K), 1 survivors (1024K)
 Metaspace       used 87984K, committed 88832K, reserved 557056K
  class space    used 12425K, committed 12800K, reserved 425984K
}
Event: 84.969 GC heap before
{Heap before GC invocations=50 (full 0):
 garbage-first heap   total 184320K, used 155511K [0x0000000080000000, 0x0000000100000000)
  region size 1024K, 47 young (48128K), 1 survivors (1024K)
 Metaspace       used 88926K, committed 89792K, reserved 557056K
  class space    used 12542K, committed 12928K, reserved 425984K
}
Event: 84.990 GC heap after
{Heap after GC invocations=51 (full 0):
 garbage-first heap   total 468992K, used 119807K [0x0000000080000000, 0x0000000100000000)
  region size 1024K, 6 young (6144K), 6 survivors (6144K)
 Metaspace       used 88926K, committed 89792K, reserved 557056K
  class space    used 12542K, committed 12928K, reserved 425984K
}
Event: 93.620 GC heap before
{Heap before GC invocations=51 (full 0):
 garbage-first heap   total 468992K, used 354303K [0x0000000080000000, 0x0000000100000000)
  region size 1024K, 232 young (237568K), 6 survivors (6144K)
 Metaspace       used 95699K, committed 96768K, reserved 557056K
  class space    used 13498K, committed 14016K, reserved 425984K
}
Event: 93.698 GC heap after
{Heap after GC invocations=52 (full 0):
 garbage-first heap   total 468992K, used 153079K [0x0000000080000000, 0x0000000100000000)
  region size 1024K, 29 young (29696K), 29 survivors (29696K)
 Metaspace       used 95699K, committed 96768K, reserved 557056K
  class space    used 13498K, committed 14016K, reserved 425984K
}
Event: 100.882 GC heap before
{Heap before GC invocations=52 (full 0):
 garbage-first heap   total 468992K, used 352759K [0x0000000080000000, 0x0000000100000000)
  region size 1024K, 222 young (227328K), 29 survivors (29696K)
 Metaspace       used 102675K, committed 103808K, reserved 557056K
  class space    used 14386K, committed 14912K, reserved 425984K
}
Event: 101.208 GC heap after
{Heap after GC invocations=53 (full 0):
 garbage-first heap   total 468992K, used 185307K [0x0000000080000000, 0x0000000100000000)
  region size 1024K, 28 young (28672K), 28 survivors (28672K)
 Metaspace       used 102675K, committed 103808K, reserved 557056K
  class space    used 14386K, committed 14912K, reserved 425984K
}
Event: 105.714 GC heap before
{Heap before GC invocations=53 (full 0):
 garbage-first heap   total 468992K, used 331739K [0x0000000080000000, 0x0000000100000000)
  region size 1024K, 172 young (176128K), 28 survivors (28672K)
 Metaspace       used 104186K, committed 105408K, reserved 557056K
  class space    used 14565K, committed 15104K, reserved 425984K
}
Event: 105.856 GC heap after
{Heap after GC invocations=54 (full 0):
 garbage-first heap   total 468992K, used 201215K [0x0000000080000000, 0x0000000100000000)
  region size 1024K, 15 young (15360K), 15 survivors (15360K)
 Metaspace       used 104186K, committed 105408K, reserved 557056K
  class space    used 14565K, committed 15104K, reserved 425984K
}

