# JRE version: OpenJDK Runtime Environment Microsoft-8035246 (17.0.8+7) (build 17.0.8+7-LTS)
# Java VM: OpenJDK 64-Bit Server VM Microsoft-8035246 (17.0.8+7-LTS, mixed mode, sharing, tiered, compressed oops, compressed class ptrs, g1 gc, windows-amd64)
GC Precious Log:
 CPUs: 4 total, 4 available
 Memory: 8067M
 Large Page Support: Disabled
 NUMA Support: Disabled
 Compressed Oops: Enabled (32-bit)
 Heap Region Size: 1M
 Heap Min Capacity: 8M
 Heap Initial Capacity: 128M
 Heap Max Capacity: 2G
 Pre-touch: Disabled
 Parallel Workers: 4
 Concurrent Workers: 1
 Concurrent Refinement Workers: 4
 Periodic GC: Disabled
Heap:
 garbage-first heap   total 327680K, used 211968K [0x0000000080000000, 0x0000000100000000)
  region size 1024K, 18 young (18432K), 6 survivors (6144K)
 Metaspace       used 102271K, committed 103424K, reserved 557056K
  class space    used 14220K, committed 14784K, reserved 425984K
GC Heap History (20 events):
Event: 24.199 GC heap before
{Heap before GC invocations=35 (full 0):
 garbage-first heap   total 160768K, used 88766K [0x0000000080000000, 0x0000000100000000)
  region size 1024K, 7 young (7168K), 6 survivors (6144K)
 Metaspace       used 72798K, committed 73536K, reserved 491520K
  class space    used 10167K, committed 10496K, reserved 425984K
}
Event: 24.206 GC heap after
{Heap after GC invocations=36 (full 0):
 garbage-first heap   total 160768K, used 87551K [0x0000000080000000, 0x0000000100000000)
  region size 1024K, 1 young (1024K), 1 survivors (1024K)
 Metaspace       used 72798K, committed 73536K, reserved 491520K
  class space    used 10167K, committed 10496K, reserved 425984K
}
Event: 24.780 GC heap before
{Heap before GC invocations=36 (full 0):
 garbage-first heap   total 160768K, used 128511K [0x0000000080000000, 0x0000000100000000)
  region size 1024K, 41 young (41984K), 1 survivors (1024K)
 Metaspace       used 76085K, committed 76800K, reserved 557056K
  class space    used 10590K, committed 10944K, reserved 425984K
}
Event: 24.784 GC heap after
{Heap after GC invocations=37 (full 0):
 garbage-first heap   total 160768K, used 89438K [0x0000000080000000, 0x0000000100000000)
  region size 1024K, 3 young (3072K), 3 survivors (3072K)
 Metaspace       used 76085K, committed 76800K, reserved 557056K
  class space    used 10590K, committed 10944K, reserved 425984K
}
Event: 25.489 GC heap before
{Heap before GC invocations=38 (full 0):
 garbage-first heap   total 163840K, used 130398K [0x0000000080000000, 0x0000000100000000)
  region size 1024K, 43 young (44032K), 3 survivors (3072K)
 Metaspace       used 77109K, committed 77824K, reserved 557056K
  class space    used 10741K, committed 11072K, reserved 425984K
}
Event: 25.500 GC heap after
{Heap after GC invocations=39 (full 0):
 garbage-first heap   total 163840K, used 93102K [0x0000000080000000, 0x0000000100000000)
  region size 1024K, 6 young (6144K), 6 survivors (6144K)
 Metaspace       used 77109K, committed 77824K, reserved 557056K
  class space    used 10741K, committed 11072K, reserved 425984K
}
Event: 25.517 GC heap before
{Heap before GC invocations=39 (full 0):
 garbage-first heap   total 163840K, used 95150K [0x0000000080000000, 0x0000000100000000)
  region size 1024K, 8 young (8192K), 6 survivors (6144K)
 Metaspace       used 77109K, committed 77824K, reserved 557056K
  class space    used 10741K, committed 11072K, reserved 425984K
}
Event: 25.525 GC heap after
{Heap after GC invocations=40 (full 0):
 garbage-first heap   total 327680K, used 93128K [0x0000000080000000, 0x0000000100000000)
  region size 1024K, 1 young (1024K), 1 survivors (1024K)
 Metaspace       used 77109K, committed 77824K, reserved 557056K
  class space    used 10741K, committed 11072K, reserved 425984K
}
Event: 34.596 GC heap before
{Heap before GC invocations=40 (full 0):
 garbage-first heap   total 327680K, used 247752K [0x0000000080000000, 0x0000000100000000)
  region size 1024K, 152 young (155648K), 1 survivors (1024K)
 Metaspace       used 86382K, committed 87168K, reserved 557056K
  class space    used 12195K, committed 12544K, reserved 425984K
}
Event: 34.610 GC heap after
{Heap after GC invocations=41 (full 0):
 garbage-first heap   total 327680K, used 102288K [0x0000000080000000, 0x0000000100000000)
  region size 1024K, 10 young (10240K), 10 survivors (10240K)
 Metaspace       used 86382K, committed 87168K, reserved 557056K
  class space    used 12195K, committed 12544K, reserved 425984K
}
Event: 37.529 GC heap before
{Heap before GC invocations=41 (full 0):
 garbage-first heap   total 327680K, used 272272K [0x0000000080000000, 0x0000000100000000)
  region size 1024K, 161 young (164864K), 10 survivors (10240K)
 Metaspace       used 90501K, committed 91456K, reserved 557056K
  class space    used 12710K, committed 13120K, reserved 425984K
}
Event: 37.564 GC heap after
{Heap after GC invocations=42 (full 0):
 garbage-first heap   total 327680K, used 152227K [0x0000000080000000, 0x0000000100000000)
  region size 1024K, 21 young (21504K), 21 survivors (21504K)
 Metaspace       used 90501K, committed 91456K, reserved 557056K
  class space    used 12710K, committed 13120K, reserved 425984K
}
Event: 39.099 GC heap before
{Heap before GC invocations=42 (full 0):
 garbage-first heap   total 327680K, used 255651K [0x0000000080000000, 0x0000000100000000)
  region size 1024K, 120 young (122880K), 21 survivors (21504K)
 Metaspace       used 94543K, committed 95552K, reserved 557056K
  class space    used 13301K, committed 13760K, reserved 425984K
}
Event: 39.128 GC heap after
{Heap after GC invocations=43 (full 0):
 garbage-first heap   total 327680K, used 169984K [0x0000000080000000, 0x0000000100000000)
  region size 1024K, 15 young (15360K), 15 survivors (15360K)
 Metaspace       used 94543K, committed 95552K, reserved 557056K
  class space    used 13301K, committed 13760K, reserved 425984K
}
Event: 40.437 GC heap before
{Heap before GC invocations=43 (full 0):
 garbage-first heap   total 327680K, used 257024K [0x0000000080000000, 0x0000000100000000)
  region size 1024K, 100 young (102400K), 15 survivors (15360K)
 Metaspace       used 97888K, committed 98944K, reserved 557056K
  class space    used 13715K, committed 14208K, reserved 425984K
}
Event: 40.469 GC heap after
{Heap after GC invocations=44 (full 0):
 garbage-first heap   total 327680K, used 179200K [0x0000000080000000, 0x0000000100000000)
  region size 1024K, 10 young (10240K), 10 survivors (10240K)
 Metaspace       used 97888K, committed 98944K, reserved 557056K
  class space    used 13715K, committed 14208K, reserved 425984K
}
Event: 41.567 GC heap before
{Heap before GC invocations=44 (full 0):
 garbage-first heap   total 327680K, used 260096K [0x0000000080000000, 0x0000000100000000)
  region size 1024K, 90 young (92160K), 10 survivors (10240K)
 Metaspace       used 99058K, committed 100160K, reserved 557056K
  class space    used 13873K, committed 14400K, reserved 425984K
}
Event: 41.604 GC heap after
{Heap after GC invocations=45 (full 0):
 garbage-first heap   total 327680K, used 189425K [0x0000000080000000, 0x0000000100000000)
  region size 1024K, 10 young (10240K), 10 survivors (10240K)
 Metaspace       used 99058K, committed 100160K, reserved 557056K
  class space    used 13873K, committed 14400K, reserved 425984K
}
Event: 43.114 GC heap before
{Heap before GC invocations=45 (full 0):
 garbage-first heap   total 327680K, used 269297K [0x0000000080000000, 0x0000000100000000)
  region size 1024K, 84 young (86016K), 10 survivors (10240K)
 Metaspace       used 102183K, committed 103360K, reserved 557056K
  class space    used 14219K, committed 14784K, reserved 425984K
}
Event: 43.143 GC heap after
{Heap after GC invocations=46 (full 0):
 garbage-first heap   total 327680K, used 196534K [0x0000000080000000, 0x0000000100000000)
  region size 1024K, 8 young (8192K), 8 survivors (8192K)
 Metaspace       used 102183K, committed 103360K, reserved 557056K
  class space    used 14219K, committed 14784K, reserved 425984K
}

