# JRE version: OpenJDK Runtime Environment Microsoft-8035246 (17.0.8+7) (build 17.0.8+7-LTS)
# Java VM: OpenJDK 64-Bit Server VM Microsoft-8035246 (17.0.8+7-LTS, mixed mode, sharing, tiered, compressed oops, compressed class ptrs, g1 gc, windows-amd64)
GC Precious Log:
 CPUs: 4 total, 4 available
 Memory: 8067M
 Large Page Support: Disabled
 NUMA Support: Disabled
 Compressed Oops: Enabled (32-bit)
 Heap Region Size: 1M
 Heap Min Capacity: 8M
 Heap Initial Capacity: 128M
 Heap Max Capacity: 2G
 Pre-touch: Disabled
 Parallel Workers: 4
 Concurrent Workers: 1
 Concurrent Refinement Workers: 4
 Periodic GC: Disabled
Heap:
 garbage-first heap   total 335872K, used 206336K [0x0000000080000000, 0x0000000100000000)
  region size 1024K, 37 young (37888K), 8 survivors (8192K)
 Metaspace       used 99602K, committed 100736K, reserved 557056K
  class space    used 13919K, committed 14464K, reserved 425984K
GC Heap History (20 events):
Event: 27.494 GC heap before
{Heap before GC invocations=43 (full 0):
 garbage-first heap   total 167936K, used 124886K [0x0000000080000000, 0x0000000100000000)
  region size 1024K, 35 young (35840K), 1 survivors (1024K)
 Metaspace       used 75667K, committed 76352K, reserved 491520K
  class space    used 10545K, committed 10880K, reserved 425984K
}
Event: 27.497 GC heap after
{Heap after GC invocations=44 (full 0):
 garbage-first heap   total 167936K, used 91555K [0x0000000080000000, 0x0000000100000000)
  region size 1024K, 2 young (2048K), 2 survivors (2048K)
 Metaspace       used 75667K, committed 76352K, reserved 491520K
  class space    used 10545K, committed 10880K, reserved 425984K
}
Event: 28.002 GC heap before
{Heap before GC invocations=45 (full 0):
 garbage-first heap   total 167936K, used 124323K [0x0000000080000000, 0x0000000100000000)
  region size 1024K, 38 young (38912K), 2 survivors (2048K)
 Metaspace       used 77037K, committed 77760K, reserved 557056K
  class space    used 10732K, committed 11072K, reserved 425984K
}
Event: 28.009 GC heap after
{Heap after GC invocations=46 (full 0):
 garbage-first heap   total 167936K, used 90385K [0x0000000080000000, 0x0000000100000000)
  region size 1024K, 5 young (5120K), 5 survivors (5120K)
 Metaspace       used 77037K, committed 77760K, reserved 557056K
  class space    used 10732K, committed 11072K, reserved 425984K
}
Event: 28.029 GC heap before
{Heap before GC invocations=46 (full 0):
 garbage-first heap   total 167936K, used 93457K [0x0000000080000000, 0x0000000100000000)
  region size 1024K, 8 young (8192K), 5 survivors (5120K)
 Metaspace       used 77037K, committed 77760K, reserved 557056K
  class space    used 10732K, committed 11072K, reserved 425984K
}
Event: 28.035 GC heap after
{Heap after GC invocations=47 (full 0):
 garbage-first heap   total 167936K, used 90294K [0x0000000080000000, 0x0000000100000000)
  region size 1024K, 1 young (1024K), 1 survivors (1024K)
 Metaspace       used 77037K, committed 77760K, reserved 557056K
  class space    used 10732K, committed 11072K, reserved 425984K
}
Event: 37.019 GC heap before
{Heap before GC invocations=47 (full 0):
 garbage-first heap   total 167936K, used 130230K [0x0000000080000000, 0x0000000100000000)
  region size 1024K, 40 young (40960K), 1 survivors (1024K)
 Metaspace       used 78529K, committed 79232K, reserved 557056K
  class space    used 10936K, committed 11264K, reserved 425984K
}
Event: 37.026 GC heap after
{Heap after GC invocations=48 (full 0):
 garbage-first heap   total 335872K, used 92398K [0x0000000080000000, 0x0000000100000000)
  region size 1024K, 3 young (3072K), 3 survivors (3072K)
 Metaspace       used 78529K, committed 79232K, reserved 557056K
  class space    used 10936K, committed 11264K, reserved 425984K
}
Event: 38.975 GC heap before
{Heap before GC invocations=49 (full 0):
 garbage-first heap   total 335872K, used 242926K [0x0000000080000000, 0x0000000100000000)
  region size 1024K, 149 young (152576K), 3 survivors (3072K)
 Metaspace       used 86747K, committed 87616K, reserved 557056K
  class space    used 12242K, committed 12608K, reserved 425984K
}
Event: 38.991 GC heap after
{Heap after GC invocations=50 (full 0):
 garbage-first heap   total 335872K, used 101410K [0x0000000080000000, 0x0000000100000000)
  region size 1024K, 12 young (12288K), 12 survivors (12288K)
 Metaspace       used 86747K, committed 87616K, reserved 557056K
  class space    used 12242K, committed 12608K, reserved 425984K
}
Event: 39.028 GC heap before
{Heap before GC invocations=50 (full 0):
 garbage-first heap   total 335872K, used 105506K [0x0000000080000000, 0x0000000100000000)
  region size 1024K, 16 young (16384K), 12 survivors (12288K)
 Metaspace       used 86825K, committed 87616K, reserved 557056K
  class space    used 12254K, committed 12608K, reserved 425984K
}
Event: 39.043 GC heap after
{Heap after GC invocations=51 (full 0):
 garbage-first heap   total 335872K, used 102274K [0x0000000080000000, 0x0000000100000000)
  region size 1024K, 2 young (2048K), 2 survivors (2048K)
 Metaspace       used 86825K, committed 87616K, reserved 557056K
  class space    used 12254K, committed 12608K, reserved 425984K
}
Event: 42.188 GC heap before
{Heap before GC invocations=51 (full 0):
 garbage-first heap   total 335872K, used 269186K [0x0000000080000000, 0x0000000100000000)
  region size 1024K, 158 young (161792K), 2 survivors (2048K)
 Metaspace       used 90748K, committed 91712K, reserved 557056K
  class space    used 12739K, committed 13184K, reserved 425984K
}
Event: 42.217 GC heap after
{Heap after GC invocations=52 (full 0):
 garbage-first heap   total 335872K, used 142195K [0x0000000080000000, 0x0000000100000000)
  region size 1024K, 20 young (20480K), 20 survivors (20480K)
 Metaspace       used 90748K, committed 91712K, reserved 557056K
  class space    used 12739K, committed 13184K, reserved 425984K
}
Event: 43.881 GC heap before
{Heap before GC invocations=52 (full 0):
 garbage-first heap   total 335872K, used 255859K [0x0000000080000000, 0x0000000100000000)
  region size 1024K, 130 young (133120K), 20 survivors (20480K)
 Metaspace       used 96843K, committed 97984K, reserved 557056K
  class space    used 13607K, committed 14144K, reserved 425984K
}
Event: 43.912 GC heap after
{Heap after GC invocations=53 (full 0):
 garbage-first heap   total 335872K, used 156664K [0x0000000080000000, 0x0000000100000000)
  region size 1024K, 12 young (12288K), 12 survivors (12288K)
 Metaspace       used 96843K, committed 97984K, reserved 557056K
  class space    used 13607K, committed 14144K, reserved 425984K
}
Event: 45.229 GC heap before
{Heap before GC invocations=53 (full 0):
 garbage-first heap   total 335872K, used 262136K [0x0000000080000000, 0x0000000100000000)
  region size 1024K, 115 young (117760K), 12 survivors (12288K)
 Metaspace       used 98736K, committed 99840K, reserved 557056K
  class space    used 13818K, committed 14336K, reserved 425984K
}
Event: 45.268 GC heap after
{Heap after GC invocations=54 (full 0):
 garbage-first heap   total 335872K, used 169472K [0x0000000080000000, 0x0000000100000000)
  region size 1024K, 13 young (13312K), 13 survivors (13312K)
 Metaspace       used 98736K, committed 99840K, reserved 557056K
  class space    used 13818K, committed 14336K, reserved 425984K
}
Event: 46.781 GC heap before
{Heap before GC invocations=54 (full 0):
 garbage-first heap   total 335872K, used 265728K [0x0000000080000000, 0x0000000100000000)
  region size 1024K, 108 young (110592K), 13 survivors (13312K)
 Metaspace       used 99592K, committed 100736K, reserved 557056K
  class space    used 13918K, committed 14464K, reserved 425984K
}
Event: 46.813 GC heap after
{Heap after GC invocations=55 (full 0):
 garbage-first heap   total 335872K, used 177664K [0x0000000080000000, 0x0000000100000000)
  region size 1024K, 8 young (8192K), 8 survivors (8192K)
 Metaspace       used 99592K, committed 100736K, reserved 557056K
  class space    used 13918K, committed 14464K, reserved 425984K
}

